2023-12-22 09:32:25.444 [info] Log level: Info
2023-12-22 09:32:25.444 [info] Validating found git in: "git"
2023-12-22 09:32:25.444 [info] Using git "2.34.1" from "git"
2023-12-22 09:33:18.474 [info] Log level: Info
2023-12-22 09:33:18.474 [info] Validating found git in: "git"
2023-12-22 09:33:18.474 [info] Using git "2.34.1" from "git"
2023-12-22 09:33:18.474 [info] > git rev-parse --show-toplevel [8ms]
2023-12-22 09:33:18.474 [info] fatal: not a git repository (or any of the parent directories): .git
2023-12-22 09:33:18.475 [info] > git rev-parse --show-toplevel [2ms]
2023-12-22 09:33:18.475 [info] fatal: not a git repository (or any of the parent directories): .git
2023-12-22 09:33:18.484 [info] > git rev-parse --show-toplevel [2ms]
2023-12-22 09:33:18.484 [info] fatal: not a git repository (or any of the parent directories): .git
2023-12-22 09:33:18.495 [info] > git rev-parse --show-toplevel [2ms]
2023-12-22 09:33:18.495 [info] fatal: not a git repository (or any of the parent directories): .git
2023-12-22 09:33:18.503 [info] > git rev-parse --show-toplevel [2ms]
2023-12-22 09:33:18.503 [info] fatal: not a git repository (or any of the parent directories): .git
2023-12-22 09:33:18.511 [info] > git rev-parse --show-toplevel [1ms]
2023-12-22 09:33:18.511 [info] fatal: not a git repository (or any of the parent directories): .git
2023-12-22 09:33:18.520 [info] > git rev-parse --show-toplevel [2ms]
2023-12-22 09:33:18.520 [info] fatal: not a git repository (or any of the parent directories): .git
2023-12-22 09:33:18.529 [info] > git rev-parse --show-toplevel [2ms]
2023-12-22 09:33:18.529 [info] fatal: not a git repository (or any of the parent directories): .git
2023-12-22 09:33:18.537 [info] > git rev-parse --show-toplevel [1ms]
2023-12-22 09:33:18.538 [info] fatal: not a git repository (or any of the parent directories): .git
2023-12-22 09:33:18.547 [info] > git rev-parse --show-toplevel [1ms]
2023-12-22 09:33:18.547 [info] fatal: not a git repository (or any of the parent directories): .git
2023-12-22 09:33:18.555 [info] > git rev-parse --show-toplevel [2ms]
2023-12-22 09:33:18.555 [info] fatal: not a git repository (or any of the parent directories): .git
2023-12-22 09:33:18.564 [info] > git rev-parse --show-toplevel [2ms]
2023-12-22 09:33:18.564 [info] fatal: not a git repository (or any of the parent directories): .git
2023-12-22 09:33:40.988 [info] > git rev-parse --show-toplevel [1ms]
2023-12-22 09:33:40.988 [info] fatal: not a git repository (or any of the parent directories): .git
2023-12-22 09:34:01.746 [info] > git rev-parse --show-toplevel [2ms]
2023-12-22 09:34:01.746 [info] fatal: not a git repository (or any of the parent directories): .git
2023-12-22 09:34:33.736 [info] > git rev-parse --show-toplevel [1ms]
2023-12-22 09:34:33.736 [info] fatal: not a git repository (or any of the parent directories): .git
2023-12-22 09:51:12.288 [info] > git rev-parse --show-toplevel [2ms]
2023-12-22 09:51:12.306 [info] fatal: not a git repository (or any of the parent directories): .git
2023-12-22 09:52:15.177 [info] > git rev-parse --show-toplevel [2ms]
2023-12-22 09:52:15.178 [info] fatal: not a git repository (or any of the parent directories): .git
2023-12-22 10:09:24.142 [info] > git rev-parse --show-toplevel [3ms]
2023-12-22 10:09:24.142 [info] fatal: not a git repository (or any of the parent directories): .git
2023-12-22 10:12:21.895 [info] > git rev-parse --show-toplevel [2ms]
2023-12-22 10:12:21.895 [info] fatal: not a git repository (or any of the parent directories): .git
2023-12-22 10:27:13.681 [info] > git rev-parse --show-toplevel [1ms]
2023-12-22 10:27:13.682 [info] fatal: not a git repository (or any of the parent directories): .git
2023-12-22 10:27:17.361 [info] > git rev-parse --show-toplevel [2ms]
2023-12-22 10:27:17.361 [info] fatal: not a git repository (or any of the parent directories): .git
2023-12-22 11:19:23.078 [info] > git rev-parse --show-toplevel [2ms]
2023-12-22 11:19:23.079 [info] fatal: not a git repository (or any of the parent directories): .git
2023-12-22 11:19:29.209 [info] > git rev-parse --show-toplevel [1ms]
2023-12-22 11:19:29.209 [info] fatal: not a git repository (or any of the parent directories): .git
2023-12-22 11:19:34.359 [info] > git rev-parse --show-toplevel [2ms]
2023-12-22 11:19:34.359 [info] fatal: not a git repository (or any of the parent directories): .git
2023-12-22 11:19:40.060 [info] > git rev-parse --show-toplevel [2ms]
2023-12-22 11:19:40.060 [info] fatal: not a git repository (or any of the parent directories): .git
2023-12-22 11:19:41.416 [info] > git rev-parse --show-toplevel [1ms]
2023-12-22 11:19:41.416 [info] fatal: not a git repository (or any of the parent directories): .git
2023-12-22 11:19:46.119 [info] > git rev-parse --show-toplevel [3ms]
2023-12-22 11:19:46.119 [info] fatal: not a git repository (or any of the parent directories): .git
2023-12-22 11:21:47.188 [info] > git rev-parse --show-toplevel [2ms]
2023-12-22 11:21:47.188 [info] fatal: not a git repository (or any of the parent directories): .git
2023-12-22 11:21:49.033 [info] > git rev-parse --show-toplevel [2ms]
2023-12-22 11:21:49.033 [info] fatal: not a git repository (or any of the parent directories): .git
2023-12-22 11:25:26.858 [info] > git rev-parse --show-toplevel [4ms]
2023-12-22 11:25:26.859 [info] fatal: not a git repository (or any of the parent directories): .git
2023-12-22 11:25:29.702 [info] > git rev-parse --show-toplevel [1ms]
2023-12-22 11:25:29.702 [info] fatal: not a git repository (or any of the parent directories): .git
2023-12-22 11:26:12.737 [info] > git rev-parse --show-toplevel [2ms]
2023-12-22 11:26:12.737 [info] fatal: not a git repository (or any of the parent directories): .git
2023-12-22 11:26:15.031 [info] > git rev-parse --show-toplevel [1ms]
2023-12-22 11:26:15.031 [info] fatal: not a git repository (or any of the parent directories): .git
2023-12-22 11:26:21.021 [info] > git rev-parse --show-toplevel [2ms]
2023-12-22 11:26:21.021 [info] fatal: not a git repository (or any of the parent directories): .git
2023-12-22 12:46:44.620 [info] > git rev-parse --show-toplevel [2ms]
2023-12-22 12:46:44.622 [info] fatal: not a git repository (or any of the parent directories): .git
2023-12-22 13:15:27.347 [info] > git rev-parse --show-toplevel [2ms]
2023-12-22 13:15:27.347 [info] fatal: not a git repository (or any of the parent directories): .git
2023-12-22 15:46:01.652 [info] > git rev-parse --show-toplevel [26ms]
2023-12-22 15:46:01.652 [info] fatal: not a git repository (or any of the parent directories): .git
2023-12-22 15:47:08.028 [info] > git rev-parse --show-toplevel [2ms]
2023-12-22 15:47:08.028 [info] fatal: not a git repository (or any of the parent directories): .git
2023-12-22 15:47:13.538 [info] > git rev-parse --show-toplevel [3ms]
2023-12-22 15:47:13.538 [info] fatal: not a git repository (or any of the parent directories): .git
2023-12-22 15:47:17.493 [info] > git rev-parse --show-toplevel [1ms]
2023-12-22 15:47:17.493 [info] fatal: not a git repository (or any of the parent directories): .git
