2023-12-22 09:32:24.468 [info] Added views:workbench.panel.markers.view in workbench.panel.markers
2023-12-22 09:32:24.468 [info] Added views:workbench.panel.output in workbench.panel.output
2023-12-22 09:32:24.468 [info] Added views:terminal in terminal
2023-12-22 09:32:24.468 [info] Added views:outline in workbench.view.explorer
2023-12-22 09:32:24.468 [info] Added views:workbench.scm in workbench.view.scm
2023-12-22 09:32:24.468 [info] Added views:workbench.view.search in workbench.view.search
2023-12-22 09:32:24.469 [info] Added views:timeline in workbench.view.explorer
2023-12-22 09:32:24.469 [info] Added views:workbench.explorer.emptyView in workbench.view.explorer
2023-12-22 09:32:24.792 [info] Added views:workbench.debug.variablesView,workbench.debug.watchExpressionsView,workbench.debug.callStackView,workbench.debug.breakPointsView in workbench.view.debug
2023-12-22 09:32:25.070 [info] Added views:~remote.forwardedPorts in ~remote.forwardedPortsContainer
2023-12-22 09:32:25.210 [info] Added views:workbench.panel.repl.view in workbench.panel.repl
2023-12-22 09:32:25.210 [info] Removed views:workbench.debug.breakPointsView,workbench.debug.callStackView,workbench.debug.watchExpressionsView,workbench.debug.variablesView from workbench.view.debug
2023-12-22 09:32:25.210 [info] Added views:workbench.debug.welcome in workbench.view.debug
2023-12-22 09:32:37.984 [info] Added views:workbench.views.extensions.installed,workbench.views.extensions.popular,extensions.recommendedList in workbench.view.extensions
2023-12-22 09:32:37.987 [info] Removed views:workbench.views.extensions.popular from workbench.view.extensions
2023-12-22 09:32:46.089 [info] Removed views:extensions.recommendedList,workbench.views.extensions.installed from workbench.view.extensions
2023-12-22 09:32:46.103 [info] Added views:workbench.views.extensions.marketplace in workbench.view.extensions
2023-12-22 09:32:50.004 [info] Removed views:workbench.views.extensions.marketplace from workbench.view.extensions
2023-12-22 09:32:50.011 [info] Added views:workbench.views.extensions.installed,extensions.recommendedList in workbench.view.extensions
2023-12-22 09:33:15.576 [info] Added views:workbench.panel.markers.view in workbench.panel.markers
2023-12-22 09:33:15.576 [info] Added views:workbench.panel.output in workbench.panel.output
2023-12-22 09:33:15.576 [info] Added views:terminal in terminal
2023-12-22 09:33:15.576 [info] Added views:outline in workbench.view.explorer
2023-12-22 09:33:15.576 [info] Added views:workbench.scm in workbench.view.scm
2023-12-22 09:33:15.576 [info] Added views:workbench.view.search in workbench.view.search
2023-12-22 09:33:15.576 [info] Added views:timeline in workbench.view.explorer
2023-12-22 09:33:15.576 [info] Added views:workbench.explorer.fileView in workbench.view.explorer
2023-12-22 09:33:15.914 [info] Added views:workbench.debug.variablesView,workbench.debug.watchExpressionsView,workbench.debug.callStackView,workbench.debug.breakPointsView in workbench.view.debug
2023-12-22 09:33:15.948 [info] Added views:workbench.panel.repl.view in workbench.panel.repl
2023-12-22 09:33:15.950 [info] Removed views:workbench.debug.breakPointsView,workbench.debug.callStackView,workbench.debug.watchExpressionsView,workbench.debug.variablesView from workbench.view.debug
2023-12-22 09:33:15.950 [info] Added views:workbench.debug.welcome in workbench.view.debug
2023-12-22 09:33:16.087 [info] Added views:~remote.forwardedPorts in ~remote.forwardedPortsContainer
